#
# A fatal error has been detected by the Java Runtime Environment:
#
#  EXCEPTION_UNCAUGHT_CXX_EXCEPTION (0xe06d7363) at pc=0x00007ffe745d5299, pid=10144, tid=0x0000000000001cec
#
# JRE version: Java(TM) SE Runtime Environment (8.0_171-b11) (build 1.8.0_171-b11)
# Java VM: Java HotSpot(TM) 64-Bit Server VM (25.171-b11 mixed mode windows-amd64 compressed oops)
# Problematic frame:
# C  [KERNELBASE.dll+0x55299]
#
# Failed to write core dump. Minidumps are not enabled by default on client versions of Windows
#
# If you would like to submit a bug report, please visit:
#   http://bugreport.java.com/bugreport/crash.jsp
# The crash happened outside the Java Virtual Machine in native code.
# See problematic frame for where to report the bug.
#

---------------  T H R E A D  ---------------

Current thread (0x00000000235b0800):  JavaThread "Thread-384" [_thread_in_native, id=7404, stack(0x0000000035500000,0x0000000035600000)]

siginfo: ExceptionCode=0xe06d7363, ExceptionInformation=0x0000000019930520 0x00000000355ff0f0 0x000000006b63e0e8 0x000000006b510000 

Registers:
RAX=0x000000006ba97b75, RBX=0x00000000355ff0f0, RCX=0x000000000118cc00, RDX=0x0000000800000005
RSP=0x00000000355fef70, RBP=0x00000000355ff0b0, RSI=0x0000000016b25a90, RDI=0x000000006b63e0e8
R8 =0x00007ffe74409833, R9 =0x0000000000000000, R10=0x0000000000000258, R11=0x0000000000000140
R12=0x0000000000000000, R13=0x0000000000000007, R14=0x00000000355ff100, R15=0x00000000235b0800
RIP=0x00007ffe745d5299, EFLAGS=0x0000000000000202

Top of Stack: (sp=0x00000000355fef70)
0x00000000355fef70:   00000000235b0800 00000000355ff0f0
0x00000000355fef80:   0000000016b25a90 000000006b63e0e8
0x00000000355fef90:   00000001e06d7363 0000000000000000
0x00000000355fefa0:   00007ffe745d5299 0000000000000004
0x00000000355fefb0:   0000000019930520 00000000355ff0f0
0x00000000355fefc0:   000000006b63e0e8 000000006b510000
0x00000000355fefd0:   0000000000000007 0000000000000000
0x00000000355fefe0:   000000006b63e0e8 0000000016b25a90
0x00000000355feff0:   00000000355ff0b0 00007ffe7832469f
0x00000000355ff000:   00000000355ff0c0 0000000000000000
0x00000000355ff010:   0000000000000000 00000000235b0800
0x00000000355ff020:   000000006b680000 000000006b510000
0x00000000355ff030:   00001b6687bf9a20 000000006b53776f
0x00000000355ff040:   00000000355ff0f0 000000006b7114f1
0x00000000355ff050:   00000000235b0800 000000006b9be9b5
0x00000000355ff060:   0000a5b8cf651024 0000064000000000 

Instructions: (pc=0x00007ffe745d5299)
0x00007ffe745d5279:   8b d1 44 0f 47 c0 44 89 44 24 38 49 c1 e0 03 e8
0x00007ffe745d5289:   0a 42 03 00 48 8d 4c 24 20 48 ff 15 ef 5f 14 00
0x00007ffe745d5299:   0f 1f 44 00 00 48 8b 8c 24 c0 00 00 00 48 33 cc
0x00007ffe745d52a9:   e8 22 0e 03 00 48 81 c4 d8 00 00 00 c3 83 64 24 


Register to memory mapping:

RAX=0x000000006ba97b75 is an unknown value
RBX=0x00000000355ff0f0 is pointing into the stack for thread: 0x00000000235b0800
RCX=0x000000000118cc00 is an unknown value
RDX=0x0000000800000005 is an unknown value
RSP=0x00000000355fef70 is pointing into the stack for thread: 0x00000000235b0800
RBP=0x00000000355ff0b0 is pointing into the stack for thread: 0x00000000235b0800
RSI=0x0000000016b25a90 is an unknown value
RDI=0x000000006b63e0e8 is an unknown value
R8 =0x00007ffe74409833 is an unknown value
R9 =0x0000000000000000 is an unknown value
R10=0x0000000000000258 is an unknown value
R11=0x0000000000000140 is an unknown value
R12=0x0000000000000000 is an unknown value
R13=0x0000000000000007 is an unknown value
R14=0x00000000355ff100 is pointing into the stack for thread: 0x00000000235b0800
R15=0x00000000235b0800 is a thread


Stack: [0x0000000035500000,0x0000000035600000],  sp=0x00000000355fef70,  free space=1019k
Native frames: (J=compiled Java code, j=interpreted, Vv=VM code, C=native code)
C  [KERNELBASE.dll+0x55299]
C  [msvcr100.dll+0x614f1]
C  [awt.dll+0xd823d]
C  [awt.dll+0xcf960]
C  0x0000000002fa5875

Java frames: (J=compiled Java code, j=interpreted, Vv=VM code)
J 1132  sun.awt.Win32GraphicsConfig.getBounds(I)Ljava/awt/Rectangle; (0 bytes) @ 0x0000000002fa57fb [0x0000000002fa57c0+0x3b]
J 1131 C1 sun.awt.Win32GraphicsConfig.getBounds()Ljava/awt/Rectangle; (12 bytes) @ 0x0000000002fa5c5c [0x0000000002fa5b40+0x11c]
J 1329 C2 pong.Game.tick()V (19 bytes) @ 0x0000000003084fd8 [0x0000000003084000+0xfd8]
J 478 C2 pong.Game.run()V (135 bytes) @ 0x0000000002dc2c54 [0x0000000002dc28a0+0x3b4]
J 1530 C1 java.lang.Thread.run()V (17 bytes) @ 0x0000000003117bc4 [0x0000000003117a80+0x144]
v  ~StubRoutines::call_stub

---------------  P R O C E S S  ---------------

Java Threads: ( => current thread )
  0x00000000235dd800 JavaThread "Thread-451" [_thread_blocked, id=7176, stack(0x0000000039800000,0x0000000039900000)]
  0x00000000235db800 JavaThread "Thread-446" [_thread_blocked, id=11624, stack(0x0000000039300000,0x0000000039400000)]
  0x00000000235da800 JavaThread "Thread-445" [_thread_blocked, id=440, stack(0x0000000039200000,0x0000000039300000)]
  0x00000000235e0000 JavaThread "Thread-444" [_thread_blocked, id=7088, stack(0x0000000039100000,0x0000000039200000)]
  0x00000000235dd000 JavaThread "Thread-443" [_thread_blocked, id=2956, stack(0x0000000039000000,0x0000000039100000)]
  0x00000000235dc000 JavaThread "Thread-442" [_thread_blocked, id=6248, stack(0x0000000038f00000,0x0000000039000000)]
  0x00000000235d3000 JavaThread "Thread-441" [_thread_blocked, id=12120, stack(0x0000000038e00000,0x0000000038f00000)]
  0x00000000235da000 JavaThread "Thread-440" [_thread_blocked, id=10348, stack(0x0000000038d00000,0x0000000038e00000)]
  0x00000000235d9000 JavaThread "Thread-439" [_thread_blocked, id=7464, stack(0x0000000038c00000,0x0000000038d00000)]
  0x00000000235d8800 JavaThread "Thread-438" [_thread_blocked, id=6896, stack(0x0000000038b00000,0x0000000038c00000)]
  0x00000000235d7000 JavaThread "Thread-437" [_thread_blocked, id=7760, stack(0x0000000038a00000,0x0000000038b00000)]
  0x00000000235d6000 JavaThread "Thread-436" [_thread_blocked, id=10020, stack(0x0000000038900000,0x0000000038a00000)]
  0x00000000235d7800 JavaThread "Thread-435" [_thread_blocked, id=10084, stack(0x0000000038800000,0x0000000038900000)]
  0x00000000235d4800 JavaThread "Thread-434" [_thread_blocked, id=11872, stack(0x0000000038700000,0x0000000038800000)]
  0x00000000235d1800 JavaThread "Thread-433" [_thread_blocked, id=3440, stack(0x0000000038600000,0x0000000038700000)]
  0x00000000235d2000 JavaThread "Thread-432" [_thread_blocked, id=11868, stack(0x0000000038500000,0x0000000038600000)]
  0x00000000235d5000 JavaThread "Thread-431" [_thread_blocked, id=7576, stack(0x0000000038400000,0x0000000038500000)]
  0x00000000235d0800 JavaThread "Thread-430" [_thread_blocked, id=8880, stack(0x0000000038300000,0x0000000038400000)]
  0x00000000235d3800 JavaThread "Thread-429" [_thread_blocked, id=10244, stack(0x0000000038200000,0x0000000038300000)]
  0x00000000235d0000 JavaThread "Thread-428" [_thread_blocked, id=7360, stack(0x0000000038100000,0x0000000038200000)]
  0x00000000235cb800 JavaThread "Thread-427" [_thread_blocked, id=5064, stack(0x0000000038000000,0x0000000038100000)]
  0x00000000235c8800 JavaThread "Thread-426" [_thread_blocked, id=5828, stack(0x0000000037f00000,0x0000000038000000)]
  0x00000000235c9000 JavaThread "Thread-425" [_thread_blocked, id=1784, stack(0x0000000037e00000,0x0000000037f00000)]
  0x00000000235ce800 JavaThread "Thread-424" [_thread_blocked, id=7240, stack(0x0000000037d00000,0x0000000037e00000)]
  0x00000000235ca800 JavaThread "Thread-423" [_thread_blocked, id=6948, stack(0x0000000037c00000,0x0000000037d00000)]
  0x00000000235cd800 JavaThread "Thread-422" [_thread_blocked, id=11804, stack(0x0000000037b00000,0x0000000037c00000)]
  0x00000000235cf000 JavaThread "Thread-421" [_thread_blocked, id=9168, stack(0x0000000037a00000,0x0000000037b00000)]
  0x00000000235c7000 JavaThread "Thread-420" [_thread_blocked, id=3956, stack(0x0000000037900000,0x0000000037a00000)]
  0x00000000235c6000 JavaThread "Thread-419" [_thread_blocked, id=12124, stack(0x0000000037800000,0x0000000037900000)]
  0x00000000235c7800 JavaThread "Thread-418" [_thread_blocked, id=7948, stack(0x0000000037700000,0x0000000037800000)]
  0x00000000235cd000 JavaThread "Thread-417" [_thread_blocked, id=3132, stack(0x0000000037600000,0x0000000037700000)]
  0x00000000235cc000 JavaThread "Thread-416" [_thread_blocked, id=8604, stack(0x0000000037500000,0x0000000037600000)]
  0x00000000235c4000 JavaThread "Thread-415" [_thread_blocked, id=6648, stack(0x0000000037400000,0x0000000037500000)]
  0x00000000235ca000 JavaThread "Thread-414" [_thread_blocked, id=2216, stack(0x0000000037300000,0x0000000037400000)]
  0x00000000235c5800 JavaThread "Thread-413" [_thread_blocked, id=11476, stack(0x0000000037200000,0x0000000037300000)]
  0x00000000235c4800 JavaThread "Thread-412" [_thread_blocked, id=2116, stack(0x0000000037100000,0x0000000037200000)]
  0x00000000235bc800 JavaThread "Thread-411" [_thread_blocked, id=1584, stack(0x0000000037000000,0x0000000037100000)]
  0x00000000235c3000 JavaThread "Thread-410" [_thread_blocked, id=1244, stack(0x0000000036f00000,0x0000000037000000)]
  0x00000000235c2800 JavaThread "Thread-409" [_thread_blocked, id=11344, stack(0x0000000036e00000,0x0000000036f00000)]
  0x00000000235c1800 JavaThread "Thread-408" [_thread_blocked, id=4532, stack(0x0000000036d00000,0x0000000036e00000)]
  0x00000000235c0000 JavaThread "Thread-407" [_thread_blocked, id=10736, stack(0x0000000036c00000,0x0000000036d00000)]
  0x00000000235bb800 JavaThread "Thread-406" [_thread_blocked, id=252, stack(0x0000000036b00000,0x0000000036c00000)]
  0x00000000235bf800 JavaThread "Thread-405" [_thread_blocked, id=6552, stack(0x0000000036a00000,0x0000000036b00000)]
  0x00000000235c1000 JavaThread "Thread-404" [_thread_blocked, id=12016, stack(0x0000000036900000,0x0000000036a00000)]
  0x00000000235be800 JavaThread "Thread-403" [_thread_blocked, id=9744, stack(0x0000000036800000,0x0000000036900000)]
  0x00000000235bd000 JavaThread "Thread-402" [_thread_blocked, id=3024, stack(0x0000000036700000,0x0000000036800000)]
  0x00000000235be000 JavaThread "Thread-401" [_thread_blocked, id=2424, stack(0x0000000036600000,0x0000000036700000)]
  0x00000000235b4000 JavaThread "Thread-400" [_thread_blocked, id=8524, stack(0x0000000036500000,0x0000000036600000)]
  0x00000000235bb000 JavaThread "Thread-399" [_thread_blocked, id=4360, stack(0x0000000036400000,0x0000000036500000)]
  0x00000000235b3800 JavaThread "Thread-398" [_thread_blocked, id=9968, stack(0x0000000036300000,0x0000000036400000)]
  0x00000000235ba000 JavaThread "Thread-397" [_thread_blocked, id=10772, stack(0x0000000036200000,0x0000000036300000)]
  0x00000000235b2800 JavaThread "Thread-396" [_thread_blocked, id=9964, stack(0x0000000036100000,0x0000000036200000)]
  0x00000000235b8000 JavaThread "Thread-395" [_thread_blocked, id=7800, stack(0x0000000036000000,0x0000000036100000)]
  0x00000000235b6800 JavaThread "Thread-394" [_thread_blocked, id=6372, stack(0x0000000035f00000,0x0000000036000000)]
  0x00000000235b5000 JavaThread "Thread-393" [_thread_blocked, id=9008, stack(0x0000000035e00000,0x0000000035f00000)]
  0x00000000235b9800 JavaThread "Thread-392" [_thread_blocked, id=6688, stack(0x0000000035d00000,0x0000000035e00000)]
  0x00000000235b7000 JavaThread "Thread-391" [_thread_blocked, id=1316, stack(0x0000000035c00000,0x0000000035d00000)]
  0x00000000235b5800 JavaThread "Thread-390" [_thread_blocked, id=6956, stack(0x0000000035b00000,0x0000000035c00000)]
  0x00000000235b8800 JavaThread "Thread-389" [_thread_blocked, id=11156, stack(0x0000000035a00000,0x0000000035b00000)]
  0x00000000235ac000 JavaThread "Thread-388" [_thread_blocked, id=7920, stack(0x0000000035900000,0x0000000035a00000)]
  0x00000000235b1000 JavaThread "Thread-387" [_thread_blocked, id=7400, stack(0x0000000035800000,0x0000000035900000)]
=>0x00000000235b0800 JavaThread "Thread-384" [_thread_in_native, id=7404, stack(0x0000000035500000,0x0000000035600000)]
  0x00000000235a9000 JavaThread "Thread-383" [_thread_blocked, id=11004, stack(0x0000000035400000,0x0000000035500000)]
  0x00000000235ab000 JavaThread "Thread-381" [_thread_blocked, id=8236, stack(0x0000000035200000,0x0000000035300000)]
  0x00000000235ad800 JavaThread "Thread-380" [_thread_blocked, id=5488, stack(0x0000000035100000,0x0000000035200000)]
  0x00000000235af000 JavaThread "Thread-376" [_thread_blocked, id=9280, stack(0x0000000034b00000,0x0000000034c00000)]
  0x00000000235a1000 JavaThread "Thread-375" [_thread_blocked, id=11940, stack(0x0000000034a00000,0x0000000034b00000)]
  0x00000000235a8000 JavaThread "Thread-373" [_thread_blocked, id=5736, stack(0x0000000034800000,0x0000000034900000)]
  0x00000000235a5000 JavaThread "Thread-372" [_thread_blocked, id=6856, stack(0x0000000034700000,0x0000000034800000)]
  0x00000000235a6800 JavaThread "Thread-371" [_thread_blocked, id=8432, stack(0x0000000034600000,0x0000000034700000)]
  0x00000000235a3800 JavaThread "Thread-370" [_thread_blocked, id=9708, stack(0x0000000034500000,0x0000000034600000)]
  0x00000000235a4000 JavaThread "Thread-368" [_thread_blocked, id=8904, stack(0x0000000034300000,0x0000000034400000)]
  0x00000000235a2800 JavaThread "Thread-367" [_thread_blocked, id=10344, stack(0x0000000034200000,0x0000000034300000)]
  0x00000000235a7800 JavaThread "Thread-366" [_thread_blocked, id=7024, stack(0x0000000034100000,0x0000000034200000)]
  0x0000000024c23800 JavaThread "Thread-364" [_thread_blocked, id=12064, stack(0x0000000033f00000,0x0000000034000000)]
  0x0000000024c23000 JavaThread "Thread-363" [_thread_blocked, id=2028, stack(0x0000000033e00000,0x0000000033f00000)]
  0x0000000024c22000 JavaThread "Thread-362" [_thread_blocked, id=4560, stack(0x0000000033d00000,0x0000000033e00000)]
  0x0000000024c1b800 JavaThread "Thread-361" [_thread_blocked, id=10536, stack(0x0000000033c00000,0x0000000033d00000)]
  0x0000000024c1a800 JavaThread "Thread-360" [_thread_blocked, id=3780, stack(0x0000000033b00000,0x0000000033c00000)]
  0x0000000024c21800 JavaThread "Thread-359" [_thread_blocked, id=11864, stack(0x0000000033a00000,0x0000000033b00000)]
  0x0000000024c1a000 JavaThread "Thread-358" [_thread_blocked, id=1564, stack(0x0000000033900000,0x0000000033a00000)]
  0x0000000024c20800 JavaThread "Thread-357" [_thread_blocked, id=9316, stack(0x0000000033800000,0x0000000033900000)]
  0x0000000024c19000 JavaThread "Thread-356" [_thread_blocked, id=8816, stack(0x0000000033700000,0x0000000033800000)]
  0x0000000024c1e800 JavaThread "Thread-355" [_thread_blocked, id=11664, stack(0x0000000033600000,0x0000000033700000)]
  0x0000000024c20000 JavaThread "Thread-354" [_thread_blocked, id=7956, stack(0x0000000033500000,0x0000000033600000)]
  0x0000000024c1d800 JavaThread "Thread-353" [_thread_blocked, id=4372, stack(0x0000000033400000,0x0000000033500000)]
  0x0000000024c1d000 JavaThread "Thread-352" [_thread_blocked, id=3876, stack(0x0000000033300000,0x0000000033400000)]
  0x0000000024c1c000 JavaThread "Thread-351" [_thread_blocked, id=5508, stack(0x0000000033200000,0x0000000033300000)]
  0x0000000024c18000 JavaThread "Thread-350" [_thread_blocked, id=5464, stack(0x0000000033100000,0x0000000033200000)]
  0x0000000024c1f000 JavaThread "Thread-349" [_thread_blocked, id=8640, stack(0x0000000033000000,0x0000000033100000)]
  0x0000000024c10800 JavaThread "Thread-348" [_thread_blocked, id=9892, stack(0x0000000032f00000,0x0000000033000000)]
  0x0000000024c17800 JavaThread "Thread-347" [_thread_blocked, id=9108, stack(0x0000000032e00000,0x0000000032f00000)]
  0x0000000024c16000 JavaThread "Thread-346" [_thread_blocked, id=8588, stack(0x0000000032d00000,0x0000000032e00000)]
  0x0000000024c12000 JavaThread "Thread-345" [_thread_blocked, id=5696, stack(0x0000000032c00000,0x0000000032d00000)]
  0x0000000024c16800 JavaThread "Thread-344" [_thread_blocked, id=7936, stack(0x0000000032b00000,0x0000000032c00000)]
  0x0000000024c15000 JavaThread "Thread-343" [_thread_blocked, id=7164, stack(0x0000000032a00000,0x0000000032b00000)]
  0x0000000024c14800 JavaThread "Thread-342" [_thread_blocked, id=3560, stack(0x0000000032900000,0x0000000032a00000)]
  0x0000000024c13000 JavaThread "Thread-341" [_thread_blocked, id=2620, stack(0x0000000032800000,0x0000000032900000)]
  0x0000000024c0d000 JavaThread "Thread-340" [_thread_blocked, id=3856, stack(0x0000000032700000,0x0000000032800000)]
  0x0000000024c0f000 JavaThread "Thread-339" [_thread_blocked, id=11440, stack(0x0000000032600000,0x0000000032700000)]
  0x0000000024c0d800 JavaThread "Thread-338" [_thread_blocked, id=2448, stack(0x0000000032500000,0x0000000032600000)]
  0x0000000024c0e800 JavaThread "Thread-337" [_thread_blocked, id=7236, stack(0x0000000032400000,0x0000000032500000)]
  0x0000000024c13800 JavaThread "Thread-336" [_thread_blocked, id=10008, stack(0x0000000032300000,0x0000000032400000)]
  0x0000000024c10000 JavaThread "Thread-335" [_thread_blocked, id=11452, stack(0x0000000032200000,0x0000000032300000)]
  0x0000000024c0c000 JavaThread "Thread-334" [_thread_blocked, id=11892, stack(0x0000000032100000,0x0000000032200000)]
  0x0000000024c11800 JavaThread "Thread-333" [_thread_blocked, id=3528, stack(0x0000000032000000,0x0000000032100000)]
  0x0000000024c06000 JavaThread "Thread-332" [_thread_blocked, id=1296, stack(0x0000000031f00000,0x0000000032000000)]
  0x0000000024c04800 JavaThread "Thread-331" [_thread_blocked, id=11824, stack(0x0000000031e00000,0x0000000031f00000)]
  0x0000000024c0a000 JavaThread "Thread-330" [_thread_blocked, id=932, stack(0x0000000031d00000,0x0000000031e00000)]
  0x0000000024c0b800 JavaThread "Thread-329" [_thread_blocked, id=6676, stack(0x0000000031c00000,0x0000000031d00000)]
  0x0000000024c05800 JavaThread "Thread-328" [_thread_blocked, id=8328, stack(0x0000000031b00000,0x0000000031c00000)]
  0x0000000024c09000 JavaThread "Thread-327" [_thread_blocked, id=6004, stack(0x0000000031a00000,0x0000000031b00000)]
  0x0000000024c07800 JavaThread "Thread-326" [_thread_blocked, id=7980, stack(0x0000000031900000,0x0000000031a00000)]
  0x0000000024c08800 JavaThread "Thread-325" [_thread_blocked, id=11536, stack(0x0000000031800000,0x0000000031900000)]
  0x0000000024c07000 JavaThread "Thread-324" [_thread_blocked, id=9776, stack(0x0000000031700000,0x0000000031800000)]
  0x0000000024c0a800 JavaThread "Thread-323" [_thread_blocked, id=10056, stack(0x0000000031600000,0x0000000031700000)]
  0x0000000024e02800 JavaThread "Thread-322" [_thread_blocked, id=7516, stack(0x0000000031500000,0x0000000031600000)]
  0x0000000024e02000 JavaThread "Thread-320" [_thread_blocked, id=9068, stack(0x0000000031300000,0x0000000031400000)]
  0x0000000024df9800 JavaThread "Thread-319" [_thread_blocked, id=12008, stack(0x0000000031200000,0x0000000031300000)]
  0x0000000024e00800 JavaThread "Thread-318" [_thread_blocked, id=6468, stack(0x0000000031100000,0x0000000031200000)]
  0x0000000024dff800 JavaThread "Thread-316" [_thread_blocked, id=1356, stack(0x0000000030f00000,0x0000000031000000)]
  0x0000000024df8000 JavaThread "Thread-315" [_thread_blocked, id=7096, stack(0x0000000030e00000,0x0000000030f00000)]
  0x0000000024dff000 JavaThread "Thread-314" [_thread_blocked, id=9472, stack(0x0000000030d00000,0x0000000030e00000)]
  0x0000000024df7800 JavaThread "Thread-313" [_thread_blocked, id=12108, stack(0x0000000030c00000,0x0000000030d00000)]
  0x0000000024dfe000 JavaThread "Thread-312" [_thread_blocked, id=3288, stack(0x0000000030b00000,0x0000000030c00000)]
  0x0000000024df6800 JavaThread "Thread-311" [_thread_blocked, id=11164, stack(0x0000000030a00000,0x0000000030b00000)]
  0x0000000024df9000 JavaThread "Thread-310" [_thread_blocked, id=3696, stack(0x0000000030900000,0x0000000030a00000)]
  0x0000000024dfd800 JavaThread "Thread-309" [_thread_blocked, id=7380, stack(0x0000000030800000,0x0000000030900000)]
  0x0000000024dfc000 JavaThread "Thread-308" [_thread_blocked, id=10920, stack(0x0000000030700000,0x0000000030800000)]
  0x0000000024dfb000 JavaThread "Thread-307" [_thread_blocked, id=9768, stack(0x0000000030600000,0x0000000030700000)]
  0x0000000024dfc800 JavaThread "Thread-306" [_thread_blocked, id=11244, stack(0x0000000030500000,0x0000000030600000)]
  0x0000000024def000 JavaThread "Thread-305" [_thread_blocked, id=996, stack(0x0000000030400000,0x0000000030500000)]
  0x0000000024df0000 JavaThread "Thread-304" [_thread_blocked, id=8956, stack(0x0000000030300000,0x0000000030400000)]
  0x0000000024df4800 JavaThread "Thread-303" [_thread_blocked, id=8004, stack(0x0000000030200000,0x0000000030300000)]
  0x0000000024df3000 JavaThread "Thread-302" [_thread_blocked, id=7536, stack(0x0000000030100000,0x0000000030200000)]
  0x0000000024df2000 JavaThread "Thread-301" [_thread_blocked, id=9748, stack(0x0000000030000000,0x0000000030100000)]
  0x0000000024df6000 JavaThread "Thread-300" [_thread_blocked, id=4016, stack(0x000000002ff00000,0x0000000030000000)]
  0x0000000024df1800 JavaThread "Thread-299" [_thread_blocked, id=236, stack(0x000000002fe00000,0x000000002ff00000)]
  0x0000000024df0800 JavaThread "Thread-298" [_thread_blocked, id=10256, stack(0x000000002fd00000,0x000000002fe00000)]
  0x0000000024df5000 JavaThread "Thread-297" [_thread_blocked, id=8964, stack(0x000000002fc00000,0x000000002fd00000)]
  0x0000000024df3800 JavaThread "Thread-296" [_thread_blocked, id=2736, stack(0x000000002fb00000,0x000000002fc00000)]
  0x0000000024de7800 JavaThread "Thread-295" [_thread_blocked, id=10124, stack(0x000000002fa00000,0x000000002fb00000)]
  0x0000000024dee800 JavaThread "Thread-294" [_thread_blocked, id=1728, stack(0x000000002f900000,0x000000002fa00000)]
  0x0000000024ded800 JavaThread "Thread-293" [_thread_blocked, id=6968, stack(0x000000002f800000,0x000000002f900000)]
  0x0000000024dec000 JavaThread "Thread-292" [_thread_blocked, id=11152, stack(0x000000002f700000,0x000000002f800000)]
  0x0000000024dea800 JavaThread "Thread-291" [_thread_blocked, id=8752, stack(0x000000002f600000,0x000000002f700000)]
  0x0000000024ded000 JavaThread "Thread-290" [_thread_blocked, id=9808, stack(0x000000002f500000,0x000000002f600000)]
  0x0000000024de4800 JavaThread "Thread-289" [_thread_blocked, id=9276, stack(0x000000002f400000,0x000000002f500000)]
  0x0000000024de5800 JavaThread "Thread-288" [_thread_blocked, id=9972, stack(0x000000002f300000,0x000000002f400000)]
  0x0000000024de7000 JavaThread "Thread-287" [_thread_blocked, id=10388, stack(0x000000002f200000,0x000000002f300000)]
  0x0000000024deb800 JavaThread "Thread-286" [_thread_blocked, id=5428, stack(0x000000002f100000,0x000000002f200000)]
  0x0000000024de6000 JavaThread "Thread-285" [_thread_blocked, id=4752, stack(0x000000002f000000,0x000000002f100000)]
  0x0000000024dea000 JavaThread "Thread-284" [_thread_blocked, id=4740, stack(0x000000002ef00000,0x000000002f000000)]
  0x0000000024de9000 JavaThread "Thread-283" [_thread_blocked, id=10224, stack(0x000000002ee00000,0x000000002ef00000)]
  0x0000000024de8800 JavaThread "Thread-281" [_thread_blocked, id=11656, stack(0x000000002ec00000,0x000000002ed00000)]
  0x0000000022d87000 JavaThread "Thread-280" [_thread_blocked, id=10584, stack(0x000000002eb00000,0x000000002ec00000)]
  0x0000000022d84800 JavaThread "Thread-279" [_thread_blocked, id=8332, stack(0x000000002ea00000,0x000000002eb00000)]
  0x0000000022d84000 JavaThread "Thread-278" [_thread_blocked, id=12268, stack(0x000000002e900000,0x000000002ea00000)]
  0x0000000022d86000 JavaThread "Thread-277" [_thread_blocked, id=7968, stack(0x000000002e800000,0x000000002e900000)]
  0x0000000022d83000 JavaThread "Thread-276" [_thread_blocked, id=2896, stack(0x000000002e700000,0x000000002e800000)]
  0x0000000022d85800 JavaThread "Thread-275" [_thread_blocked, id=248, stack(0x000000002e600000,0x000000002e700000)]
  0x0000000022d82800 JavaThread "Thread-274" [_thread_blocked, id=9360, stack(0x000000002e500000,0x000000002e600000)]
  0x0000000022d81800 JavaThread "Thread-272" [_thread_blocked, id=3588, stack(0x000000002e300000,0x000000002e400000)]
  0x0000000022d79800 JavaThread "Thread-270" [_thread_blocked, id=9628, stack(0x000000002e100000,0x000000002e200000)]
  0x0000000022d7a000 JavaThread "Thread-269" [_thread_blocked, id=8996, stack(0x000000002e000000,0x000000002e100000)]
  0x0000000022d80000 JavaThread "Thread-267" [_thread_blocked, id=9252, stack(0x000000002de00000,0x000000002df00000)]
  0x0000000022d7e800 JavaThread "Thread-266" [_thread_blocked, id=10168, stack(0x000000002dd00000,0x000000002de00000)]
  0x0000000022d78800 JavaThread "Thread-265" [_thread_blocked, id=2868, stack(0x000000002dc00000,0x000000002dd00000)]
  0x0000000022d7f800 JavaThread "Thread-264" [_thread_blocked, id=5256, stack(0x000000002db00000,0x000000002dc00000)]
  0x0000000022d7e000 JavaThread "Thread-263" [_thread_blocked, id=9184, stack(0x000000002da00000,0x000000002db00000)]
  0x0000000022d7d000 JavaThread "Thread-262" [_thread_blocked, id=7472, stack(0x000000002d900000,0x000000002da00000)]
  0x0000000022d7c800 JavaThread "Thread-261" [_thread_blocked, id=8212, stack(0x000000002d800000,0x000000002d900000)]
  0x0000000022d71000 JavaThread "Thread-260" [_thread_blocked, id=7320, stack(0x000000002d700000,0x000000002d800000)]
  0x0000000022d75800 JavaThread "Thread-259" [_thread_blocked, id=8836, stack(0x000000002d600000,0x000000002d700000)]
  0x0000000022d74000 JavaThread "Thread-258" [_thread_blocked, id=12132, stack(0x000000002d500000,0x000000002d600000)]
  0x0000000022d78000 JavaThread "Thread-257" [_thread_blocked, id=8968, stack(0x000000002d400000,0x000000002d500000)]
  0x0000000022d77000 JavaThread "Thread-256" [_thread_blocked, id=6080, stack(0x000000002d300000,0x000000002d400000)]
  0x0000000022d73800 JavaThread "Thread-255" [_thread_blocked, id=4644, stack(0x000000002d200000,0x000000002d300000)]
  0x0000000022d76800 JavaThread "Thread-254" [_thread_blocked, id=9976, stack(0x000000002d100000,0x000000002d200000)]
  0x0000000022d72800 JavaThread "Thread-253" [_thread_blocked, id=11300, stack(0x000000002d000000,0x000000002d100000)]
  0x0000000022d75000 JavaThread "Thread-252" [_thread_blocked, id=3108, stack(0x000000002cf00000,0x000000002d000000)]
  0x0000000022d72000 JavaThread "Thread-251" [_thread_blocked, id=11340, stack(0x000000002ce00000,0x000000002cf00000)]
  0x0000000022d6b000 JavaThread "Thread-248" [_thread_blocked, id=5728, stack(0x000000002cb00000,0x000000002cc00000)]
  0x0000000022d6e000 JavaThread "Thread-247" [_thread_blocked, id=11364, stack(0x000000002ca00000,0x000000002cb00000)]
  0x0000000022d69800 JavaThread "Thread-246" [_thread_blocked, id=2724, stack(0x000000002c900000,0x000000002ca00000)]
  0x0000000022d6c000 JavaThread "Thread-245" [_thread_blocked, id=10180, stack(0x000000002c800000,0x000000002c900000)]
  0x0000000022d6c800 JavaThread "Thread-243" [_thread_blocked, id=10468, stack(0x000000002c600000,0x000000002c700000)]
  0x0000000022d68000 JavaThread "Thread-242" [_thread_blocked, id=8656, stack(0x000000002c500000,0x000000002c600000)]
  0x0000000022d6a800 JavaThread "Thread-241" [_thread_blocked, id=6976, stack(0x000000002c400000,0x000000002c500000)]
  0x0000000022d6f000 JavaThread "Thread-239" [_thread_blocked, id=9832, stack(0x000000002c200000,0x000000002c300000)]
  0x0000000017e1d000 JavaThread "Thread-238" [_thread_blocked, id=11996, stack(0x000000002c100000,0x000000002c200000)]
  0x0000000017e1c800 JavaThread "Thread-237" [_thread_in_native, id=5532, stack(0x000000002c000000,0x000000002c100000)]
  0x0000000017e15000 JavaThread "Thread-236" [_thread_blocked, id=7940, stack(0x000000002bf00000,0x000000002c000000)]
  0x0000000017e1b800 JavaThread "Thread-235" [_thread_blocked, id=324, stack(0x000000002be00000,0x000000002bf00000)]
  0x0000000017e1b000 JavaThread "Thread-234" [_thread_blocked, id=11436, stack(0x000000002ba50000,0x000000002bb50000)]
  0x0000000017e13000 JavaThread "Thread-233" [_thread_blocked, id=6424, stack(0x000000002b950000,0x000000002ba50000)]
  0x0000000017e1a000 JavaThread "Thread-232" [_thread_blocked, id=11372, stack(0x000000002b850000,0x000000002b950000)]
  0x0000000017e19800 JavaThread "Thread-231" [_thread_blocked, id=2224, stack(0x000000002b750000,0x000000002b850000)]
  0x0000000017e11800 JavaThread "Thread-230" [_thread_blocked, id=9136, stack(0x000000002b650000,0x000000002b750000)]
  0x0000000017e18800 JavaThread "Thread-229" [_thread_blocked, id=5876, stack(0x000000002b550000,0x000000002b650000)]
  0x0000000017e14000 JavaThread "Thread-228" [_thread_blocked, id=9300, stack(0x000000002b450000,0x000000002b550000)]
  0x0000000017e18000 JavaThread "Thread-227" [_thread_blocked, id=11068, stack(0x000000002b350000,0x000000002b450000)]
  0x0000000017e16800 JavaThread "Thread-226" [_thread_blocked, id=4868, stack(0x000000002b250000,0x000000002b350000)]
  0x0000000017e17000 JavaThread "Thread-225" [_thread_blocked, id=5368, stack(0x000000002b150000,0x000000002b250000)]
  0x0000000017e15800 JavaThread "Thread-224" [_thread_blocked, id=11412, stack(0x000000002b050000,0x000000002b150000)]
  0x0000000017e11000 JavaThread "Thread-223" [_thread_blocked, id=1332, stack(0x000000002af50000,0x000000002b050000)]
  0x0000000017e12800 JavaThread "Thread-222" [_thread_blocked, id=3540, stack(0x000000002ae50000,0x000000002af50000)]
  0x0000000017e09800 JavaThread "Thread-221" [_thread_blocked, id=11796, stack(0x000000002ad50000,0x000000002ae50000)]
  0x0000000017e10000 JavaThread "Thread-220" [_thread_blocked, id=6972, stack(0x000000002ac50000,0x000000002ad50000)]
  0x0000000017e08800 JavaThread "Thread-219" [_thread_blocked, id=5444, stack(0x000000002ab50000,0x000000002ac50000)]
  0x0000000017e0c800 JavaThread "Thread-217" [_thread_blocked, id=5160, stack(0x000000002a950000,0x000000002aa50000)]
  0x0000000017e0f800 JavaThread "Thread-216" [_thread_blocked, id=11564, stack(0x000000002a850000,0x000000002a950000)]
  0x0000000017e0b800 JavaThread "Thread-215" [_thread_blocked, id=3216, stack(0x000000002a750000,0x000000002a850000)]
  0x0000000017e0d000 JavaThread "Thread-214" [_thread_blocked, id=10620, stack(0x000000002a650000,0x000000002a750000)]
  0x0000000017e0b000 JavaThread "Thread-213" [_thread_blocked, id=9724, stack(0x000000002a550000,0x000000002a650000)]
  0x0000000017e07000 JavaThread "Thread-212" [_thread_blocked, id=3832, stack(0x000000002a450000,0x000000002a550000)]
  0x0000000017e0e000 JavaThread "Thread-211" [_thread_blocked, id=9188, stack(0x0000000029f50000,0x000000002a050000)]
  0x0000000017e0a000 JavaThread "Thread-210" [_thread_blocked, id=7772, stack(0x0000000029e50000,0x0000000029f50000)]
  0x0000000017e08000 JavaThread "Thread-209" [_thread_blocked, id=11632, stack(0x0000000029d50000,0x0000000029e50000)]
  0x0000000017dff800 JavaThread "Thread-208" [_thread_blocked, id=1048, stack(0x0000000029c50000,0x0000000029d50000)]
  0x0000000017e06800 JavaThread "Thread-207" [_thread_blocked, id=6376, stack(0x0000000029b50000,0x0000000029c50000)]
  0x0000000017dff000 JavaThread "Thread-206" [_thread_blocked, id=9784, stack(0x0000000029a50000,0x0000000029b50000)]
  0x0000000017e02000 JavaThread "Thread-205" [_thread_blocked, id=3368, stack(0x0000000029950000,0x0000000029a50000)]
  0x0000000017e02800 JavaThread "Thread-203" [_thread_blocked, id=11684, stack(0x0000000029750000,0x0000000029850000)]
  0x0000000017e05800 JavaThread "Thread-202" [_thread_blocked, id=9496, stack(0x0000000029650000,0x0000000029750000)]
  0x0000000017e01000 JavaThread "Thread-201" [_thread_blocked, id=872, stack(0x0000000029220000,0x0000000029320000)]
  0x0000000017dfe000 JavaThread "Thread-200" [_thread_blocked, id=2348, stack(0x0000000028ff0000,0x00000000290f0000)]
  0x0000000017e05000 JavaThread "Thread-199" [_thread_blocked, id=6292, stack(0x0000000028d90000,0x0000000028e90000)]
  0x0000000017e04000 JavaThread "Thread-198" [_thread_blocked, id=9024, stack(0x0000000028c90000,0x0000000028d90000)]
  0x0000000017e00800 JavaThread "Thread-197" [_thread_blocked, id=11696, stack(0x0000000028b90000,0x0000000028c90000)]
  0x000000002305d000 JavaThread "Thread-195" [_thread_blocked, id=976, stack(0x00000000279c0000,0x0000000027ac0000)]
  0x000000002305b800 JavaThread "Thread-193" [_thread_blocked, id=12084, stack(0x00000000277c0000,0x00000000278c0000)]
  0x000000002305a800 JavaThread "Thread-192" [_thread_blocked, id=3844, stack(0x00000000276c0000,0x00000000277c0000)]
  0x000000002305a000 JavaThread "Thread-191" [_thread_blocked, id=9232, stack(0x00000000275c0000,0x00000000276c0000)]
  0x000000002305d800 JavaThread "Thread-190" [_thread_blocked, id=11144, stack(0x00000000274c0000,0x00000000275c0000)]
  0x0000000023059000 JavaThread "Thread-188" [_thread_blocked, id=11576, stack(0x00000000272c0000,0x00000000273c0000)]
  0x0000000023051800 JavaThread "Thread-187" [_thread_blocked, id=11584, stack(0x00000000271c0000,0x00000000272c0000)]
  0x0000000023058800 JavaThread "Thread-186" [_thread_blocked, id=10296, stack(0x00000000270c0000,0x00000000271c0000)]
  0x0000000023051000 JavaThread "Thread-185" [_thread_blocked, id=7716, stack(0x0000000026fc0000,0x00000000270c0000)]
  0x0000000023057800 JavaThread "Thread-184" [_thread_blocked, id=10132, stack(0x0000000026ec0000,0x0000000026fc0000)]
  0x0000000023050000 JavaThread "Thread-182" [_thread_blocked, id=6268, stack(0x0000000026cc0000,0x0000000026dc0000)]
  0x0000000023057000 JavaThread "Thread-180" [_thread_blocked, id=12256, stack(0x0000000026ac0000,0x0000000026bc0000)]
  0x0000000023055800 JavaThread "Thread-178" [_thread_blocked, id=12048, stack(0x00000000268c0000,0x00000000269c0000)]
  0x0000000023054000 JavaThread "Thread-177" [_thread_blocked, id=9452, stack(0x00000000267c0000,0x00000000268c0000)]
  0x000000002304f800 JavaThread "Thread-176" [_thread_blocked, id=5200, stack(0x00000000266c0000,0x00000000267c0000)]
  0x0000000023a41800 JavaThread "Thread-175" [_thread_blocked, id=12088, stack(0x00000000265c0000,0x00000000266c0000)]
  0x0000000023a40800 JavaThread "Thread-174" [_thread_blocked, id=3880, stack(0x00000000264c0000,0x00000000265c0000)]
  0x0000000023a40000 JavaThread "Thread-172" [_thread_blocked, id=10628, stack(0x00000000262c0000,0x00000000263c0000)]
  0x0000000023a3f000 JavaThread "Thread-171" [_thread_blocked, id=9764, stack(0x00000000261c0000,0x00000000262c0000)]
  0x0000000023a3d000 JavaThread "Thread-170" [_thread_blocked, id=1796, stack(0x00000000260c0000,0x00000000261c0000)]
  0x0000000023a43000 JavaThread "Thread-169" [_thread_blocked, id=10060, stack(0x0000000025fc0000,0x00000000260c0000)]
  0x0000000023a3c000 JavaThread "Thread-168" [_thread_blocked, id=7312, stack(0x0000000025ec0000,0x0000000025fc0000)]
  0x0000000023a42000 JavaThread "Thread-167" [_thread_blocked, id=6680, stack(0x0000000025dc0000,0x0000000025ec0000)]
  0x0000000023a3e800 JavaThread "Thread-166" [_thread_blocked, id=9556, stack(0x0000000025cc0000,0x0000000025dc0000)]
  0x0000000023a3d800 JavaThread "Thread-165" [_thread_blocked, id=9600, stack(0x0000000025bc0000,0x0000000025cc0000)]
  0x0000000023a34800 JavaThread "Thread-164" [_thread_blocked, id=6032, stack(0x0000000025980000,0x0000000025a80000)]
  0x0000000023a3b800 JavaThread "Thread-163" [_thread_blocked, id=6336, stack(0x0000000025770000,0x0000000025870000)]
  0x0000000023a3a000 JavaThread "Thread-162" [_thread_blocked, id=6436, stack(0x0000000025670000,0x0000000025770000)]
  0x0000000023a38800 JavaThread "Thread-161" [_thread_blocked, id=4884, stack(0x0000000025570000,0x0000000025670000)]
  0x0000000023a36000 JavaThread "Thread-160" [_thread_blocked, id=9864, stack(0x0000000025470000,0x0000000025570000)]
  0x0000000023a35800 JavaThread "Thread-159" [_thread_blocked, id=10944, stack(0x0000000025370000,0x0000000025470000)]
  0x0000000023a37000 JavaThread "Thread-158" [_thread_blocked, id=3804, stack(0x0000000025270000,0x0000000025370000)]
  0x0000000023a39000 JavaThread "Thread-157" [_thread_blocked, id=2592, stack(0x0000000025170000,0x0000000025270000)]
  0x0000000023a37800 JavaThread "Thread-156" [_thread_blocked, id=3312, stack(0x0000000025070000,0x0000000025170000)]
  0x0000000016c12000 JavaThread "Thread-154" [_thread_blocked, id=5596, stack(0x0000000023e90000,0x0000000023f90000)]
  0x0000000016c0f000 JavaThread "Thread-153" [_thread_blocked, id=11852, stack(0x0000000023d90000,0x0000000023e90000)]
  0x0000000016c15000 JavaThread "Thread-152" [_thread_blocked, id=7036, stack(0x0000000023c90000,0x0000000023d90000)]
  0x0000000016c15800 JavaThread "Thread-151" [_thread_blocked, id=3848, stack(0x0000000023b90000,0x0000000023c90000)]
  0x0000000016c11000 JavaThread "Thread-150" [_thread_blocked, id=4216, stack(0x0000000023a90000,0x0000000023b90000)]
  0x0000000016c10800 JavaThread "Thread-148" [_thread_blocked, id=7836, stack(0x00000000228c0000,0x00000000229c0000)]
  0x0000000016c14000 JavaThread "Thread-147" [_thread_blocked, id=2020, stack(0x00000000227c0000,0x00000000228c0000)]
  0x0000000016c0f800 JavaThread "Thread-146" [_thread_blocked, id=4544, stack(0x00000000226c0000,0x00000000227c0000)]
  0x0000000016c13800 JavaThread "Thread-145" [_thread_blocked, id=7548, stack(0x00000000225c0000,0x00000000226c0000)]
  0x0000000016c07800 JavaThread "Thread-144" [_thread_blocked, id=6720, stack(0x00000000224c0000,0x00000000225c0000)]
  0x0000000016c0e000 JavaThread "Thread-143" [_thread_blocked, id=3112, stack(0x00000000223c0000,0x00000000224c0000)]
  0x0000000016c0d800 JavaThread "Thread-141" [_thread_blocked, id=6732, stack(0x00000000221c0000,0x00000000222c0000)]
  0x0000000016c09800 JavaThread "Thread-140" [_thread_blocked, id=6188, stack(0x00000000220c0000,0x00000000221c0000)]
  0x0000000016c08000 JavaThread "Thread-138" [_thread_blocked, id=8416, stack(0x0000000021eb0000,0x0000000021fb0000)]
  0x0000000016c09000 JavaThread "Thread-137" [_thread_blocked, id=7932, stack(0x0000000021db0000,0x0000000021eb0000)]
  0x0000000016c0c000 JavaThread "Thread-136" [_thread_blocked, id=6064, stack(0x0000000021cb0000,0x0000000021db0000)]
  0x0000000016c0b000 JavaThread "Thread-135" [_thread_blocked, id=10016, stack(0x0000000021bb0000,0x0000000021cb0000)]
  0x0000000016c0a800 JavaThread "Thread-134" [_thread_blocked, id=1936, stack(0x0000000021ab0000,0x0000000021bb0000)]
  0x0000000016acc000 JavaThread "Thread-133" [_thread_blocked, id=7828, stack(0x00000000219b0000,0x0000000021ab0000)]
  0x0000000016acb800 JavaThread "Thread-132" [_thread_blocked, id=12284, stack(0x00000000218b0000,0x00000000219b0000)]
  0x0000000016aca800 JavaThread "Thread-131" [_thread_blocked, id=9020, stack(0x00000000217b0000,0x00000000218b0000)]
  0x0000000016aca000 JavaThread "Thread-130" [_thread_blocked, id=8864, stack(0x00000000216b0000,0x00000000217b0000)]
  0x0000000016ac9000 JavaThread "Thread-129" [_thread_blocked, id=3092, stack(0x00000000215a0000,0x00000000216a0000)]
  0x0000000016ac8000 JavaThread "Thread-128" [_thread_blocked, id=11472, stack(0x00000000214a0000,0x00000000215a0000)]
  0x0000000016ac0800 JavaThread "Thread-127" [_thread_blocked, id=7524, stack(0x00000000213a0000,0x00000000214a0000)]
  0x0000000016ac7800 JavaThread "Thread-126" [_thread_blocked, id=6156, stack(0x00000000212a0000,0x00000000213a0000)]
  0x0000000016ac6800 JavaThread "Thread-125" [_thread_blocked, id=11836, stack(0x00000000211a0000,0x00000000212a0000)]
  0x0000000016ac6000 JavaThread "Thread-124" [_thread_blocked, id=8472, stack(0x00000000210a0000,0x00000000211a0000)]
  0x0000000016ac5000 JavaThread "Thread-123" [_thread_blocked, id=6556, stack(0x0000000020fa0000,0x00000000210a0000)]
  0x0000000016ac4800 JavaThread "Thread-120" [_thread_blocked, id=6736, stack(0x0000000020ca0000,0x0000000020da0000)]
  0x0000000016abd000 JavaThread "Thread-119" [_thread_blocked, id=10280, stack(0x0000000020ba0000,0x0000000020ca0000)]
  0x0000000016abf000 JavaThread "Thread-118" [_thread_blocked, id=4936, stack(0x0000000020a90000,0x0000000020b90000)]
  0x0000000016abe800 JavaThread "Thread-117" [_thread_blocked, id=9880, stack(0x0000000020990000,0x0000000020a90000)]
  0x0000000016ac3800 JavaThread "Thread-116" [_thread_blocked, id=7808, stack(0x0000000020890000,0x0000000020990000)]
  0x0000000016abd800 JavaThread "Thread-115" [_thread_blocked, id=7220, stack(0x0000000020790000,0x0000000020890000)]
  0x0000000016ac1800 JavaThread "Thread-114" [_thread_blocked, id=7488, stack(0x0000000020690000,0x0000000020790000)]
  0x0000000016ac3000 JavaThread "Thread-113" [_thread_blocked, id=7864, stack(0x0000000020590000,0x0000000020690000)]
  0x0000000018391800 JavaThread "Thread-112" [_thread_blocked, id=9824, stack(0x0000000020490000,0x0000000020590000)]
  0x0000000018390800 JavaThread "Thread-111" [_thread_blocked, id=6296, stack(0x0000000020390000,0x0000000020490000)]
  0x0000000018390000 JavaThread "Thread-110" [_thread_blocked, id=3292, stack(0x0000000020290000,0x0000000020390000)]
  0x000000001838f000 JavaThread "Thread-109" [_thread_blocked, id=9356, stack(0x0000000020190000,0x0000000020290000)]
  0x0000000018387800 JavaThread "Thread-108" [_thread_blocked, id=9984, stack(0x0000000020090000,0x0000000020190000)]
  0x000000001838e800 JavaThread "Thread-107" [_thread_blocked, id=9792, stack(0x000000001ff80000,0x0000000020080000)]
  0x000000001838d800 JavaThread "Thread-106" [_thread_blocked, id=9800, stack(0x000000001fe80000,0x000000001ff80000)]
  0x0000000018386000 JavaThread "Thread-105" [_thread_blocked, id=3348, stack(0x000000001fd80000,0x000000001fe80000)]
  0x000000001838d000 JavaThread "Thread-104" [_thread_blocked, id=9396, stack(0x000000001fc80000,0x000000001fd80000)]
  0x0000000018385800 JavaThread "Thread-103" [_thread_blocked, id=9536, stack(0x000000001fb80000,0x000000001fc80000)]
  0x000000001838c000 JavaThread "Thread-102" [_thread_blocked, id=5148, stack(0x000000001fa80000,0x000000001fb80000)]
  0x000000001838b800 JavaThread "Thread-101" [_thread_blocked, id=11048, stack(0x000000001f980000,0x000000001fa80000)]
  0x0000000018384000 JavaThread "Thread-100" [_thread_blocked, id=11776, stack(0x000000001f880000,0x000000001f980000)]
  0x000000001838a800 JavaThread "Thread-99" [_thread_blocked, id=9292, stack(0x000000001f780000,0x000000001f880000)]
  0x000000001838a000 JavaThread "Thread-97" [_thread_blocked, id=5792, stack(0x000000001f570000,0x000000001f670000)]
  0x0000000018384800 JavaThread "Thread-96" [_thread_blocked, id=9956, stack(0x000000001f470000,0x000000001f570000)]
  0x0000000018382800 JavaThread "Thread-95" [_thread_blocked, id=4168, stack(0x000000001f370000,0x000000001f470000)]
  0x0000000018389000 JavaThread "Thread-94" [_thread_blocked, id=6820, stack(0x000000001f270000,0x000000001f370000)]
  0x0000000018388800 JavaThread "Thread-93" [_thread_blocked, id=9244, stack(0x000000001ef70000,0x000000001f070000)]
  0x0000000018383000 JavaThread "Thread-92" [_thread_blocked, id=9332, stack(0x000000001ee70000,0x000000001ef70000)]
  0x00000000182d9000 JavaThread "Thread-91" [_thread_blocked, id=10184, stack(0x000000001ed70000,0x000000001ee70000)]
  0x00000000182d6000 JavaThread "Thread-90" [_thread_in_native, id=9848, stack(0x000000001ec70000,0x000000001ed70000)]
  0x00000000182d5800 JavaThread "Thread-89" [_thread_blocked, id=4268, stack(0x000000001eb70000,0x000000001ec70000)]
  0x00000000182d8800 JavaThread "Thread-87" [_thread_blocked, id=12200, stack(0x000000001e960000,0x000000001ea60000)]
  0x00000000182da000 JavaThread "Thread-86" [_thread_blocked, id=1032, stack(0x000000001e860000,0x000000001e960000)]
  0x00000000182d7800 JavaThread "Thread-85" [_thread_blocked, id=10784, stack(0x000000001e760000,0x000000001e860000)]
  0x00000000182d4000 JavaThread "Thread-84" [_thread_blocked, id=9372, stack(0x000000001e660000,0x000000001e760000)]
  0x00000000182da800 JavaThread "Thread-83" [_thread_blocked, id=11132, stack(0x000000001e560000,0x000000001e660000)]
  0x00000000182d7000 JavaThread "Thread-82" [_thread_blocked, id=3972, stack(0x000000001e460000,0x000000001e560000)]
  0x00000000182ce000 JavaThread "Thread-81" [_thread_blocked, id=11960, stack(0x000000001e360000,0x000000001e460000)]
  0x00000000182cc800 JavaThread "Thread-79" [_thread_blocked, id=5364, stack(0x000000001e160000,0x000000001e260000)]
  0x00000000182cd000 JavaThread "Thread-78" [_thread_blocked, id=11628, stack(0x000000001e060000,0x000000001e160000)]
  0x00000000182d3000 JavaThread "Thread-77" [_thread_blocked, id=9772, stack(0x000000001df60000,0x000000001e060000)]
  0x00000000182d1800 JavaThread "Thread-76" [_thread_blocked, id=8780, stack(0x000000001de60000,0x000000001df60000)]
  0x00000000182d2800 JavaThread "Thread-75" [_thread_blocked, id=10980, stack(0x000000001dd60000,0x000000001de60000)]
  0x00000000182d1000 JavaThread "Thread-74" [_thread_blocked, id=3572, stack(0x000000001dc60000,0x000000001dd60000)]
  0x00000000182d0000 JavaThread "Thread-73" [_thread_blocked, id=5748, stack(0x000000001db60000,0x000000001dc60000)]
  0x00000000182cf800 JavaThread "Thread-72" [_thread_blocked, id=8280, stack(0x000000001da50000,0x000000001db50000)]
  0x00000000182ce800 JavaThread "Thread-71" [_thread_blocked, id=9988, stack(0x000000001d950000,0x000000001da50000)]
  0x0000000018279000 JavaThread "Thread-70" [_thread_blocked, id=11524, stack(0x000000001d850000,0x000000001d950000)]
  0x0000000018276000 JavaThread "Thread-69" [_thread_blocked, id=9428, stack(0x000000001d750000,0x000000001d850000)]
  0x0000000018275800 JavaThread "Thread-68" [_thread_blocked, id=11100, stack(0x000000001d650000,0x000000001d750000)]
  0x0000000018278800 JavaThread "Thread-66" [_thread_blocked, id=11620, stack(0x000000001d450000,0x000000001d550000)]
  0x0000000018277800 JavaThread "Thread-65" [_thread_blocked, id=9488, stack(0x000000001d350000,0x000000001d450000)]
  0x000000001827a800 JavaThread "Thread-63" [_thread_blocked, id=9256, stack(0x000000001d150000,0x000000001d250000)]
  0x000000001827b800 JavaThread "Thread-62" [_thread_blocked, id=10404, stack(0x000000001d050000,0x000000001d150000)]
  0x000000001827a000 JavaThread "Thread-61" [_thread_blocked, id=11296, stack(0x000000001cf50000,0x000000001d050000)]
  0x000000001826d000 JavaThread "Thread-60" [_thread_blocked, id=3236, stack(0x000000001ce50000,0x000000001cf50000)]
  0x0000000018274000 JavaThread "Thread-59" [_thread_blocked, id=4624, stack(0x000000001cd50000,0x000000001ce50000)]
  0x000000001826c000 JavaThread "Thread-58" [_thread_blocked, id=10148, stack(0x000000001cc50000,0x000000001cd50000)]
  0x0000000018273000 JavaThread "Thread-57" [_thread_blocked, id=4384, stack(0x000000001cb40000,0x000000001cc40000)]
  0x0000000018272000 JavaThread "Thread-56" [_thread_blocked, id=11312, stack(0x000000001ca40000,0x000000001cb40000)]
  0x0000000018271800 JavaThread "Thread-55" [_thread_blocked, id=11532, stack(0x000000001c940000,0x000000001ca40000)]
  0x000000001826d800 JavaThread "Thread-54" [_thread_blocked, id=316, stack(0x000000001c840000,0x000000001c940000)]
  0x0000000018270000 JavaThread "Thread-53" [_thread_blocked, id=2916, stack(0x000000001c740000,0x000000001c840000)]
  0x000000001826f000 JavaThread "Thread-52" [_thread_blocked, id=11604, stack(0x000000001c640000,0x000000001c740000)]
  0x000000001826e800 JavaThread "Thread-51" [_thread_blocked, id=10760, stack(0x000000001c540000,0x000000001c640000)]
  0x0000000018270800 JavaThread "Thread-50" [_thread_blocked, id=5924, stack(0x000000001c440000,0x000000001c540000)]
  0x0000000018210000 JavaThread "Thread-48" [_thread_blocked, id=4164, stack(0x000000001c230000,0x000000001c330000)]
  0x0000000018217000 JavaThread "Thread-47" [_thread_blocked, id=3060, stack(0x000000001c130000,0x000000001c230000)]
  0x0000000018216000 JavaThread "Thread-46" [_thread_blocked, id=4156, stack(0x000000001c030000,0x000000001c130000)]
  0x0000000018215800 JavaThread "Thread-45" [_thread_blocked, id=452, stack(0x000000001bf30000,0x000000001c030000)]
  0x0000000018214800 JavaThread "Thread-44" [_thread_blocked, id=11668, stack(0x000000001be30000,0x000000001bf30000)]
  0x0000000018213000 JavaThread "Thread-43" [_thread_blocked, id=11748, stack(0x000000001bd30000,0x000000001be30000)]
  0x0000000018211800 JavaThread "Thread-41" [_thread_blocked, id=10500, stack(0x000000001bb30000,0x000000001bc30000)]
  0x0000000018214000 JavaThread "Thread-40" [_thread_blocked, id=7916, stack(0x000000001ba30000,0x000000001bb30000)]
  0x000000001820f800 JavaThread "Thread-39" [_thread_blocked, id=3952, stack(0x000000001b930000,0x000000001ba30000)]
  0x0000000018208000 JavaThread "Thread-38" [_thread_blocked, id=10112, stack(0x000000001b830000,0x000000001b930000)]
  0x0000000018209800 JavaThread "Thread-37" [_thread_blocked, id=10916, stack(0x000000001b730000,0x000000001b830000)]
  0x000000001820e000 JavaThread "Thread-36" [_thread_blocked, id=10232, stack(0x000000001b630000,0x000000001b730000)]
  0x000000001820d000 JavaThread "Thread-35" [_thread_blocked, id=2820, stack(0x000000001b530000,0x000000001b630000)]
  0x000000001820c800 JavaThread "Thread-34" [_thread_blocked, id=5264, stack(0x000000001b430000,0x000000001b530000)]
  0x000000001820a000 JavaThread "Thread-33" [_thread_blocked, id=11460, stack(0x000000001b330000,0x000000001b430000)]
  0x000000001820b000 JavaThread "Thread-32" [_thread_blocked, id=9960, stack(0x000000001b230000,0x000000001b330000)]
  0x000000001820b800 JavaThread "Thread-31" [_thread_blocked, id=11008, stack(0x000000001b130000,0x000000001b230000)]
  0x000000001820e800 JavaThread "Thread-30" [_thread_blocked, id=6352, stack(0x000000001b030000,0x000000001b130000)]
  0x0000000018208800 JavaThread "Thread-29" [_thread_blocked, id=11816, stack(0x000000001af30000,0x000000001b030000)]
  0x0000000017f4b800 JavaThread "Thread-28" [_thread_blocked, id=4972, stack(0x000000001ae30000,0x000000001af30000)]
  0x0000000017f51000 JavaThread "Thread-27" [_thread_blocked, id=3412, stack(0x000000001ad30000,0x000000001ae30000)]
  0x0000000017f50000 JavaThread "Thread-26" [_thread_blocked, id=9352, stack(0x000000001ac30000,0x000000001ad30000)]
  0x0000000017f4f800 JavaThread "Thread-25" [_thread_blocked, id=3608, stack(0x000000001aa30000,0x000000001ab30000)]
  0x0000000017f4e800 JavaThread "Thread-24" [_thread_blocked, id=8440, stack(0x000000001a930000,0x000000001aa30000)]
  0x0000000017f4e000 JavaThread "Thread-23" [_thread_blocked, id=6604, stack(0x000000001a830000,0x000000001a930000)]
  0x0000000017f4b000 JavaThread "Thread-22" [_thread_blocked, id=6212, stack(0x000000001a730000,0x000000001a830000)]
  0x0000000017f51800 JavaThread "Thread-21" [_thread_blocked, id=6784, stack(0x000000001a630000,0x000000001a730000)]
  0x0000000017f4c800 JavaThread "Thread-20" [_thread_blocked, id=6764, stack(0x000000001a530000,0x000000001a630000)]
  0x0000000017f4d000 JavaThread "Thread-19" [_thread_blocked, id=12260, stack(0x000000001a430000,0x000000001a530000)]
  0x0000000017ee1000 JavaThread "Thread-18" [_thread_blocked, id=12112, stack(0x000000001a330000,0x000000001a430000)]
  0x0000000017ee0800 JavaThread "Thread-17" [_thread_blocked, id=2920, stack(0x000000001a230000,0x000000001a330000)]
  0x0000000017ee2000 JavaThread "Thread-16" [_thread_blocked, id=10004, stack(0x000000001a030000,0x000000001a130000)]
  0x0000000017ee5000 JavaThread "Thread-15" [_thread_blocked, id=8360, stack(0x0000000019f30000,0x000000001a030000)]
  0x0000000017edf800 JavaThread "Thread-14" [_thread_blocked, id=8444, stack(0x0000000019e30000,0x0000000019f30000)]
  0x0000000017ee4000 JavaThread "Thread-13" [_thread_blocked, id=2336, stack(0x0000000019d30000,0x0000000019e30000)]
  0x0000000017ede000 JavaThread "Thread-12" [_thread_blocked, id=11500, stack(0x0000000019c30000,0x0000000019d30000)]
  0x0000000017edf000 JavaThread "Thread-11" [_thread_blocked, id=6584, stack(0x0000000019b30000,0x0000000019c30000)]
  0x0000000017ee3800 JavaThread "Thread-10" [_thread_blocked, id=9492, stack(0x0000000019a30000,0x0000000019b30000)]
  0x0000000017ee2800 JavaThread "Thread-9" [_thread_blocked, id=11720, stack(0x0000000019930000,0x0000000019a30000)]
  0x0000000017d69800 JavaThread "Thread-6" [_thread_blocked, id=3280, stack(0x0000000019630000,0x0000000019730000)]
  0x0000000017d68000 JavaThread "Thread-5" [_thread_blocked, id=5060, stack(0x0000000019530000,0x0000000019630000)]
  0x0000000017d62000 JavaThread "Thread-4" [_thread_blocked, id=864, stack(0x0000000019430000,0x0000000019530000)]
  0x0000000017d56000 JavaThread "Thread-3" [_thread_blocked, id=3404, stack(0x0000000019330000,0x0000000019430000)]
  0x000000000118d800 JavaThread "DestroyJavaVM" [_thread_blocked, id=10928, stack(0x00000000029c0000,0x0000000002ac0000)]
  0x0000000016dd2800 JavaThread "AWT-EventQueue-0" [_thread_blocked, id=6712, stack(0x0000000017bf0000,0x0000000017cf0000)]
  0x0000000016db6800 JavaThread "AWT-Windows" daemon [_thread_blocked, id=6428, stack(0x0000000017490000,0x0000000017590000)]
  0x0000000016db0800 JavaThread "AWT-Shutdown" [_thread_blocked, id=2632, stack(0x0000000017390000,0x0000000017490000)]
  0x0000000016daf800 JavaThread "Java2D Disposer" daemon [_thread_blocked, id=8520, stack(0x0000000017290000,0x0000000017390000)]
  0x00000000151ed800 JavaThread "Service Thread" daemon [_thread_blocked, id=9260, stack(0x0000000016ee0000,0x0000000016fe0000)]
  0x00000000169e8800 JavaThread "C1 CompilerThread2" daemon [_thread_blocked, id=11764, stack(0x0000000016de0000,0x0000000016ee0000)]
  0x0000000015198000 JavaThread "C2 CompilerThread1" daemon [_thread_blocked, id=928, stack(0x00000000168e0000,0x00000000169e0000)]
  0x0000000015190000 JavaThread "C2 CompilerThread0" daemon [_thread_blocked, id=7068, stack(0x00000000167e0000,0x00000000168e0000)]
  0x000000001518d000 JavaThread "Attach Listener" daemon [_thread_blocked, id=2000, stack(0x00000000166e0000,0x00000000167e0000)]
  0x000000001518c000 JavaThread "Signal Dispatcher" daemon [_thread_blocked, id=11320, stack(0x00000000165e0000,0x00000000166e0000)]
  0x000000001517a800 JavaThread "Finalizer" daemon [_thread_blocked, id=5460, stack(0x00000000163e0000,0x00000000164e0000)]
  0x0000000002bb3000 JavaThread "Reference Handler" daemon [_thread_blocked, id=32, stack(0x00000000162e0000,0x00000000163e0000)]

Other Threads:
  0x0000000015157800 VMThread [stack: 0x00000000161e0000,0x00000000162e0000] [id=1700]
  0x0000000016a07000 WatcherThread [stack: 0x0000000016fe0000,0x00000000170e0000] [id=5272]

VM state:at safepoint (normal execution)

VM Mutex/Monitor currently owned by a thread:  ([mutex/lock_event])
[0x000000000118cd00] Threads_lock - owner thread: 0x0000000015157800
[0x000000000118cf00] Heap_lock - owner thread: 0x00000000235a4000

Heap:
 PSYoungGen      total 124416K, used 16896K [0x00000000eb400000, 0x00000000f9880000, 0x0000000100000000)
  eden space 16896K, 100% used [0x00000000eb400000,0x00000000ec480000,0x00000000ec480000)
  from space 107520K, 0% used [0x00000000f2f80000,0x00000000f2f80000,0x00000000f9880000)
  to   space 108544K, 0% used [0x00000000ec480000,0x00000000ec480000,0x00000000f2e80000)
 ParOldGen       total 679936K, used 679935K [0x00000000c1c00000, 0x00000000eb400000, 0x00000000eb400000)
  object space 679936K, 99% used [0x00000000c1c00000,0x00000000eb3fffd0,0x00000000eb400000)
 Metaspace       used 9075K, capacity 9292K, committed 9600K, reserved 1058816K
  class space    used 987K, capacity 1060K, committed 1152K, reserved 1048576K

Card table byte_map: [0x0000000011f80000,0x0000000012180000] byte_map_base: 0x0000000011972000

Marking Bits: (ParMarkBitMap*) 0x000000006c0a08c0
 Begin Bits: [0x00000000126d0000, 0x0000000013660000)
 End Bits:   [0x0000000013660000, 0x00000000145f0000)

Polling page: 0x0000000001130000

CodeCache: size=245760Kb used=5921Kb max_used=6046Kb free=239838Kb
 bounds [0x0000000002bc0000, 0x00000000031c0000, 0x0000000011bc0000]
 total_blobs=1996 nmethods=1576 adapters=332
 compilation: enabled

Compilation events (10 events):
Event: 40.074 Thread 0x00000000169e8800 1674       3       sun.awt.SunToolkit::isInstanceOf (71 bytes)
Event: 40.077 Thread 0x00000000169e8800 nmethod 1674 0x0000000002d37a90 code [0x0000000002d37c80, 0x0000000002d38548]
Event: 40.744 Thread 0x0000000015190000 1675       4       java.awt.Container::recursiveApplyCurrentShape (144 bytes)
Event: 41.219 Thread 0x0000000015190000 nmethod 1675 0x00000000031a4610 code [0x00000000031a4c80, 0x00000000031aace0]
Event: 45.760 Thread 0x0000000015190000 1676       4       java.awt.geom.Rectangle2D::<init> (5 bytes)
Event: 45.926 Thread 0x0000000015190000 nmethod 1676 0x0000000003118a10 code [0x0000000003118b40, 0x0000000003118b98]
Event: 46.186 Thread 0x0000000015198000 1677       4       java.lang.AbstractStringBuilder::append (50 bytes)
Event: 46.304 Thread 0x0000000015198000 nmethod 1677 0x0000000002d96010 code [0x0000000002d96180, 0x0000000002d968f8]
Event: 50.522 Thread 0x0000000015190000 1678       4       java.lang.StringBuilder::append (8 bytes)
Event: 50.811 Thread 0x0000000015190000 nmethod 1678 0x0000000002e14010 code [0x0000000002e14180, 0x0000000002e14918]

GC Heap History (10 events):
Event: 53.106 GC heap after
Heap after GC invocations=668 (full 636):
 PSYoungGen      total 124416K, used 16896K [0x00000000eb400000, 0x00000000f9880000, 0x0000000100000000)
  eden space 16896K, 100% used [0x00000000eb400000,0x00000000ec480000,0x00000000ec480000)
  from space 107520K, 0% used [0x00000000f2f80000,0x00000000f2f80000,0x00000000f9880000)
  to   space 108544K, 0% used [0x00000000ec480000,0x00000000ec480000,0x00000000f2e80000)
 ParOldGen       total 679936K, used 679936K [0x00000000c1c00000, 0x00000000eb400000, 0x00000000eb400000)
  object space 679936K, 100% used [0x00000000c1c00000,0x00000000eb400000,0x00000000eb400000)
 Metaspace       used 9075K, capacity 9292K, committed 9600K, reserved 1058816K
  class space    used 987K, capacity 1060K, committed 1152K, reserved 1048576K
}
Event: 53.106 GC heap before
{Heap before GC invocations=669 (full 637):
 PSYoungGen      total 124416K, used 16896K [0x00000000eb400000, 0x00000000f9880000, 0x0000000100000000)
  eden space 16896K, 100% used [0x00000000eb400000,0x00000000ec480000,0x00000000ec480000)
  from space 107520K, 0% used [0x00000000f2f80000,0x00000000f2f80000,0x00000000f9880000)
  to   space 108544K, 0% used [0x00000000ec480000,0x00000000ec480000,0x00000000f2e80000)
 ParOldGen       total 679936K, used 679936K [0x00000000c1c00000, 0x00000000eb400000, 0x00000000eb400000)
  object space 679936K, 100% used [0x00000000c1c00000,0x00000000eb400000,0x00000000eb400000)
 Metaspace       used 9075K, capacity 9292K, committed 9600K, reserved 1058816K
  class space    used 987K, capacity 1060K, committed 1152K, reserved 1048576K
Event: 53.128 GC heap after
Heap after GC invocations=669 (full 637):
 PSYoungGen      total 124416K, used 16896K [0x00000000eb400000, 0x00000000f9880000, 0x0000000100000000)
  eden space 16896K, 100% used [0x00000000eb400000,0x00000000ec480000,0x00000000ec480000)
  from space 107520K, 0% used [0x00000000f2f80000,0x00000000f2f80000,0x00000000f9880000)
  to   space 108544K, 0% used [0x00000000ec480000,0x00000000ec480000,0x00000000f2e80000)
 ParOldGen       total 679936K, used 679936K [0x00000000c1c00000, 0x00000000eb400000, 0x00000000eb400000)
  object space 679936K, 100% used [0x00000000c1c00000,0x00000000eb400000,0x00000000eb400000)
 Metaspace       used 9075K, capacity 9292K, committed 9600K, reserved 1058816K
  class space    used 987K, capacity 1060K, committed 1152K, reserved 1048576K
}
Event: 53.128 GC heap before
{Heap before GC invocations=670 (full 638):
 PSYoungGen      total 124416K, used 16896K [0x00000000eb400000, 0x00000000f9880000, 0x0000000100000000)
  eden space 16896K, 100% used [0x00000000eb400000,0x00000000ec480000,0x00000000ec480000)
  from space 107520K, 0% used [0x00000000f2f80000,0x00000000f2f80000,0x00000000f9880000)
  to   space 108544K, 0% used [0x00000000ec480000,0x00000000ec480000,0x00000000f2e80000)
 ParOldGen       total 679936K, used 679936K [0x00000000c1c00000, 0x00000000eb400000, 0x00000000eb400000)
  object space 679936K, 100% used [0x00000000c1c00000,0x00000000eb400000,0x00000000eb400000)
 Metaspace       used 9075K, capacity 9292K, committed 9600K, reserved 1058816K
  class space    used 987K, capacity 1060K, committed 1152K, reserved 1048576K
Event: 53.144 GC heap after
Heap after GC invocations=670 (full 638):
 PSYoungGen      total 124416K, used 16896K [0x00000000eb400000, 0x00000000f9880000, 0x0000000100000000)
  eden space 16896K, 100% used [0x00000000eb400000,0x00000000ec480000,0x00000000ec480000)
  from space 107520K, 0% used [0x00000000f2f80000,0x00000000f2f80000,0x00000000f9880000)
  to   space 108544K, 0% used [0x00000000ec480000,0x00000000ec480000,0x00000000f2e80000)
 ParOldGen       total 679936K, used 679936K [0x00000000c1c00000, 0x00000000eb400000, 0x00000000eb400000)
  object space 679936K, 100% used [0x00000000c1c00000,0x00000000eb400000,0x00000000eb400000)
 Metaspace       used 9075K, capacity 9292K, committed 9600K, reserved 1058816K
  class space    used 987K, capacity 1060K, committed 1152K, reserved 1048576K
}
Event: 53.144 GC heap before
{Heap before GC invocations=671 (full 639):
 PSYoungGen      total 124416K, used 16896K [0x00000000eb400000, 0x00000000f9880000, 0x0000000100000000)
  eden space 16896K, 100% used [0x00000000eb400000,0x00000000ec480000,0x00000000ec480000)
  from space 107520K, 0% used [0x00000000f2f80000,0x00000000f2f80000,0x00000000f9880000)
  to   space 108544K, 0% used [0x00000000ec480000,0x00000000ec480000,0x00000000f2e80000)
 ParOldGen       total 679936K, used 679936K [0x00000000c1c00000, 0x00000000eb400000, 0x00000000eb400000)
  object space 679936K, 100% used [0x00000000c1c00000,0x00000000eb400000,0x00000000eb400000)
 Metaspace       used 9075K, capacity 9292K, committed 9600K, reserved 1058816K
  class space    used 987K, capacity 1060K, committed 1152K, reserved 1048576K
Event: 53.165 GC heap after
Heap after GC invocations=671 (full 639):
 PSYoungGen      total 124416K, used 16896K [0x00000000eb400000, 0x00000000f9880000, 0x0000000100000000)
  eden space 16896K, 100% used [0x00000000eb400000,0x00000000ec480000,0x00000000ec480000)
  from space 107520K, 0% used [0x00000000f2f80000,0x00000000f2f80000,0x00000000f9880000)
  to   space 108544K, 0% used [0x00000000ec480000,0x00000000ec480000,0x00000000f2e80000)
 ParOldGen       total 679936K, used 679936K [0x00000000c1c00000, 0x00000000eb400000, 0x00000000eb400000)
  object space 679936K, 100% used [0x00000000c1c00000,0x00000000eb400000,0x00000000eb400000)
 Metaspace       used 9075K, capacity 9292K, committed 9600K, reserved 1058816K
  class space    used 987K, capacity 1060K, committed 1152K, reserved 1048576K
}
Event: 53.166 GC heap before
{Heap before GC invocations=672 (full 640):
 PSYoungGen      total 124416K, used 16896K [0x00000000eb400000, 0x00000000f9880000, 0x0000000100000000)
  eden space 16896K, 100% used [0x00000000eb400000,0x00000000ec480000,0x00000000ec480000)
  from space 107520K, 0% used [0x00000000f2f80000,0x00000000f2f80000,0x00000000f9880000)
  to   space 108544K, 0% used [0x00000000ec480000,0x00000000ec480000,0x00000000f2e80000)
 ParOldGen       total 679936K, used 679936K [0x00000000c1c00000, 0x00000000eb400000, 0x00000000eb400000)
  object space 679936K, 100% used [0x00000000c1c00000,0x00000000eb400000,0x00000000eb400000)
 Metaspace       used 9075K, capacity 9292K, committed 9600K, reserved 1058816K
  class space    used 987K, capacity 1060K, committed 1152K, reserved 1048576K
Event: 53.185 GC heap after
Heap after GC invocations=672 (full 640):
 PSYoungGen      total 124416K, used 16896K [0x00000000eb400000, 0x00000000f9880000, 0x0000000100000000)
  eden space 16896K, 100% used [0x00000000eb400000,0x00000000ec480000,0x00000000ec480000)
  from space 107520K, 0% used [0x00000000f2f80000,0x00000000f2f80000,0x00000000f9880000)
  to   space 108544K, 0% used [0x00000000ec480000,0x00000000ec480000,0x00000000f2e80000)
 ParOldGen       total 679936K, used 679936K [0x00000000c1c00000, 0x00000000eb400000, 0x00000000eb400000)
  object space 679936K, 100% used [0x00000000c1c00000,0x00000000eb400000,0x00000000eb400000)
 Metaspace       used 9075K, capacity 9292K, committed 9600K, reserved 1058816K
  class space    used 987K, capacity 1060K, committed 1152K, reserved 1048576K
}
Event: 53.185 GC heap before
{Heap before GC invocations=673 (full 641):
 PSYoungGen      total 124416K, used 16896K [0x00000000eb400000, 0x00000000f9880000, 0x0000000100000000)
  eden space 16896K, 100% used [0x00000000eb400000,0x00000000ec480000,0x00000000ec480000)
  from space 107520K, 0% used [0x00000000f2f80000,0x00000000f2f80000,0x00000000f9880000)
  to   space 108544K, 0% used [0x00000000ec480000,0x00000000ec480000,0x00000000f2e80000)
 ParOldGen       total 679936K, used 679936K [0x00000000c1c00000, 0x00000000eb400000, 0x00000000eb400000)
  object space 679936K, 100% used [0x00000000c1c00000,0x00000000eb400000,0x00000000eb400000)
 Metaspace       used 9075K, capacity 9292K, committed 9600K, reserved 1058816K
  class space    used 987K, capacity 1060K, committed 1152K, reserved 1048576K

Deoptimization events (5 events):
Event: 0.297 Thread 0x000000000118d800 Uncommon trap: reason=null_check action=make_not_entrant pc=0x0000000002d29d94 method=java.lang.String.equals(Ljava/lang/Object;)Z @ 8
Event: 0.538 Thread 0x0000000017d41000 Uncommon trap: reason=unstable_if action=reinterpret pc=0x0000000002d6c69c method=pong.Game.run()V @ 55
Event: 1.488 Thread 0x0000000017d41000 Uncommon trap: reason=unstable_if action=reinterpret pc=0x0000000002d6e9cc method=pong.Game.run()V @ 86
Event: 37.038 Thread 0x00000000235dd800 Uncommon trap: reason=unstable_if action=reinterpret pc=0x0000000003196090 method=java.nio.charset.CharsetEncoder.encode(Ljava/nio/CharBuffer;Ljava/nio/ByteBuffer;Z)Ljava/nio/charset/CoderResult; @ 15
Event: 38.898 Thread 0x000000002305c000 Uncommon trap: reason=unstable_if action=reinterpret pc=0x0000000003025adc method=java.lang.ref.SoftReference.get()Ljava/lang/Object; @ 6

Classes redefined (0 events):
No events

Internal exceptions (10 events):
Event: 52.237 Thread 0x00000000235aa800 Exception <a 'java/lang/OutOfMemoryError'> (0x00000000c2b55e90) thrown at [C:\re\workspace\8-2-build-windows-amd64-cygwin\jdk8u171\10807\hotspot\src\share\vm\gc_interface/collectedHeap.inline.hpp, line 159]
Event: 52.267 Thread 0x00000000235a6000 Exception <a 'java/lang/OutOfMemoryError'> (0x00000000c2b55e90) thrown at [C:\re\workspace\8-2-build-windows-amd64-cygwin\jdk8u171\10807\hotspot\src\share\vm\gc_interface/collectedHeap.inline.hpp, line 159]
Event: 52.399 Thread 0x0000000023a43800 Exception <a 'java/lang/OutOfMemoryError'> (0x00000000c2b55e90) thrown at [C:\re\workspace\8-2-build-windows-amd64-cygwin\jdk8u171\10807\hotspot\src\share\vm\gc_interface/collectedHeap.inline.hpp, line 159]
Event: 52.429 Thread 0x00000000235a9800 Exception <a 'java/lang/OutOfMemoryError'> (0x00000000c2b55e90) thrown at [C:\re\workspace\8-2-build-windows-amd64-cygwin\jdk8u171\10807\hotspot\src\share\vm\gc_interface/collectedHeap.inline.hpp, line 159]
Event: 52.518 Thread 0x00000000235a2000 Exception <a 'java/lang/OutOfMemoryError'> (0x00000000c2b55e90) thrown at [C:\re\workspace\8-2-build-windows-amd64-cygwin\jdk8u171\10807\hotspot\src\share\vm\gc_interface/collectedHeap.inline.hpp, line 159]
Event: 52.548 Thread 0x0000000022d6d800 Exception <a 'java/lang/OutOfMemoryError'> (0x00000000c2b55e90) thrown at [C:\re\workspace\8-2-build-windows-amd64-cygwin\jdk8u171\10807\hotspot\src\share\vm\gc_interface/collectedHeap.inline.hpp, line 159]
Event: 52.577 Thread 0x0000000022d70800 Exception <a 'java/lang/OutOfMemoryError'> (0x00000000c2b55e90) thrown at [C:\re\workspace\8-2-build-windows-amd64-cygwin\jdk8u171\10807\hotspot\src\share\vm\gc_interface/collectedHeap.inline.hpp, line 159]
Event: 52.750 Thread 0x0000000022d68800 Exception <a 'java/lang/OutOfMemoryError'> (0x00000000c2b55e90) thrown at [C:\re\workspace\8-2-build-windows-amd64-cygwin\jdk8u171\10807\hotspot\src\share\vm\gc_interface/collectedHeap.inline.hpp, line 159]
Event: 53.128 Thread 0x00000000235b0800 Exception <a 'java/lang/OutOfMemoryError'> (0x00000000c2b55e90) thrown at [C:\re\workspace\8-2-build-windows-amd64-cygwin\jdk8u171\10807\hotspot\src\share\vm\gc_interface/collectedHeap.inline.hpp, line 159]
Event: 53.165 Thread 0x0000000018387000 Exception <a 'java/lang/OutOfMemoryError'> (0x00000000c2b55e90) thrown at [C:\re\workspace\8-2-build-windows-amd64-cygwin\jdk8u171\10807\hotspot\src\share\vm\gc_interface/collectedHeap.inline.hpp, line 159]

Events (10 events):
Event: 53.035 Executing VM operation: ParallelGCFailedAllocation done
Event: 53.041 Executing VM operation: ParallelGCFailedAllocation
Event: 53.064 Executing VM operation: ParallelGCFailedAllocation done
Event: 53.064 Executing VM operation: ParallelGCFailedAllocation
Event: 53.084 Executing VM operation: ParallelGCFailedAllocation done
Event: 53.084 Executing VM operation: ParallelGCFailedAllocation
Event: 53.128 Executing VM operation: ParallelGCFailedAllocation done
Event: 53.128 Executing VM operation: ParallelGCFailedAllocation
Event: 53.165 Executing VM operation: ParallelGCFailedAllocation done
Event: 53.165 Executing VM operation: ParallelGCFailedAllocation


Dynamic libraries:
0x00007ff70ca50000 - 0x00007ff70ca87000 	C:\Program Files\Java\jre1.8.0_171\bin\javaw.exe
0x00007ffe782b0000 - 0x00007ffe7849d000 	C:\WINDOWS\SYSTEM32\ntdll.dll
0x00007ffe77e00000 - 0x00007ffe77eb3000 	C:\WINDOWS\System32\KERNEL32.DLL
0x00007ffe74580000 - 0x00007ffe74813000 	C:\WINDOWS\System32\KERNELBASE.dll
0x00007ffe78030000 - 0x00007ffe780d3000 	C:\WINDOWS\System32\ADVAPI32.dll
0x00007ffe77f90000 - 0x00007ffe7802e000 	C:\WINDOWS\System32\msvcrt.dll
0x00007ffe75bf0000 - 0x00007ffe75c8e000 	C:\WINDOWS\System32\sechost.dll
0x00007ffe760f0000 - 0x00007ffe76213000 	C:\WINDOWS\System32\RPCRT4.dll
0x00007ffe75ea0000 - 0x00007ffe76037000 	C:\WINDOWS\System32\USER32.dll
0x00007ffe74960000 - 0x00007ffe74980000 	C:\WINDOWS\System32\win32u.dll
0x00007ffe760c0000 - 0x00007ffe760e9000 	C:\WINDOWS\System32\GDI32.dll
0x00007ffe743e0000 - 0x00007ffe7457a000 	C:\WINDOWS\System32\gdi32full.dll
0x00007ffe75120000 - 0x00007ffe751c0000 	C:\WINDOWS\System32\msvcp_win.dll
0x00007ffe75420000 - 0x00007ffe7551c000 	C:\WINDOWS\System32\ucrtbase.dll
0x00007ffe67c80000 - 0x00007ffe67ef9000 	C:\WINDOWS\WinSxS\amd64_microsoft.windows.common-controls_6595b64144ccf1df_6.0.17763.107_none_05b63884071e656e\COMCTL32.dll
0x00007ffe75540000 - 0x00007ffe7586e000 	C:\WINDOWS\System32\combase.dll
0x00007ffe753a0000 - 0x00007ffe7541e000 	C:\WINDOWS\System32\bcryptPrimitives.dll
0x00007ffe78250000 - 0x00007ffe7827e000 	C:\WINDOWS\System32\IMM32.DLL
0x000000006b6b0000 - 0x000000006b782000 	C:\Program Files\Java\jre1.8.0_171\bin\msvcr100.dll
0x000000006b880000 - 0x000000006c120000 	C:\Program Files\Java\jre1.8.0_171\bin\server\jvm.dll
0x00007ffe77ec0000 - 0x00007ffe77ec8000 	C:\WINDOWS\System32\PSAPI.DLL
0x00007ffe6d020000 - 0x00007ffe6d029000 	C:\WINDOWS\SYSTEM32\WSOCK32.dll
0x00007ffe6c650000 - 0x00007ffe6c65a000 	C:\WINDOWS\SYSTEM32\VERSION.dll
0x00007ffe66a60000 - 0x00007ffe66a84000 	C:\WINDOWS\SYSTEM32\WINMM.dll
0x00007ffe78180000 - 0x00007ffe781ed000 	C:\WINDOWS\System32\WS2_32.dll
0x00007ffe66230000 - 0x00007ffe6625d000 	C:\WINDOWS\SYSTEM32\WINMMBASE.dll
0x00007ffe74980000 - 0x00007ffe749ca000 	C:\WINDOWS\System32\cfgmgr32.dll
0x000000006b870000 - 0x000000006b87f000 	C:\Program Files\Java\jre1.8.0_171\bin\verify.dll
0x000000006b840000 - 0x000000006b869000 	C:\Program Files\Java\jre1.8.0_171\bin\java.dll
0x000000006b820000 - 0x000000006b836000 	C:\Program Files\Java\jre1.8.0_171\bin\zip.dll
0x00007ffe76280000 - 0x00007ffe7776f000 	C:\WINDOWS\System32\SHELL32.dll
0x00007ffe77ed0000 - 0x00007ffe77f78000 	C:\WINDOWS\System32\shcore.dll
0x00007ffe749d0000 - 0x00007ffe75118000 	C:\WINDOWS\System32\windows.storage.dll
0x00007ffe74390000 - 0x00007ffe743b4000 	C:\WINDOWS\System32\profapi.dll
0x00007ffe74310000 - 0x00007ffe7436d000 	C:\WINDOWS\System32\powrprof.dll
0x00007ffe77da0000 - 0x00007ffe77df2000 	C:\WINDOWS\System32\shlwapi.dll
0x00007ffe74370000 - 0x00007ffe74381000 	C:\WINDOWS\System32\kernel.appcore.dll
0x00007ffe75520000 - 0x00007ffe75537000 	C:\WINDOWS\System32\cryptsp.dll
0x000000006b510000 - 0x000000006b6a8000 	C:\Program Files\Java\jre1.8.0_171\bin\awt.dll
0x00007ffe75dd0000 - 0x00007ffe75e9b000 	C:\WINDOWS\System32\OLEAUT32.dll
0x00007ffe725c0000 - 0x00007ffe7264c000 	C:\WINDOWS\SYSTEM32\apphelp.dll
0x00007ffe729d0000 - 0x00007ffe729fe000 	C:\WINDOWS\system32\DWMAPI.DLL
0x00007ffe751c0000 - 0x00007ffe7539b000 	C:\WINDOWS\System32\CRYPT32.dll
0x00007ffe743c0000 - 0x00007ffe743d2000 	C:\WINDOWS\System32\MSASN1.dll
0x00007ffe72900000 - 0x00007ffe7299c000 	C:\WINDOWS\system32\uxtheme.dll
0x00007ffe5aac0000 - 0x00007ffe5abe7000 	C:\WINDOWS\system32\opengl32.dll
0x00007ffe5ee70000 - 0x00007ffe5ee9c000 	C:\WINDOWS\SYSTEM32\GLU32.dll
0x00007ffe75870000 - 0x00007ffe759da000 	C:\WINDOWS\System32\MSCTF.dll
0x00007ffe759e0000 - 0x00007ffe75b35000 	C:\WINDOWS\System32\ole32.dll
0x000000006b4c0000 - 0x000000006b507000 	C:\Program Files\Java\jre1.8.0_171\bin\fontmanager.dll
0x00007ffe60450000 - 0x00007ffe604e5000 	C:\WINDOWS\System32\TextInputFramework.dll
0x00007ffe71790000 - 0x00007ffe71872000 	C:\WINDOWS\System32\CoreMessaging.dll
0x00007ffe70800000 - 0x00007ffe70b22000 	C:\WINDOWS\System32\CoreUIComponents.dll
0x00007ffe734e0000 - 0x00007ffe73511000 	C:\WINDOWS\SYSTEM32\ntmarta.dll
0x00007ffe706a0000 - 0x00007ffe707f3000 	C:\WINDOWS\SYSTEM32\wintypes.dll
0x00007ffe6d0e0000 - 0x00007ffe6d2cd000 	C:\WINDOWS\SYSTEM32\dbghelp.dll

VM Arguments:
jvm_args: -Dfile.encoding=Cp1252 
java_command: pong.Game
java_class_path (initial): C:\Users\Korzre\Videos\projetos eclipse\Pong\bin
Launcher Type: SUN_STANDARD

Environment Variables:
PATH=C:/Program Files/Java/jre1.8.0_171/bin/server;C:/Program Files/Java/jre1.8.0_171/bin;C:/Program Files/Java/jre1.8.0_171/lib/amd64;C:\Program Files (x86)\Common Files\Oracle\Java\javapath;C:\ProgramData\Oracle\Java\javapath;C:\WINDOWS\system32;C:\WINDOWS;C:\WINDOWS\System32\Wbem;C:\WINDOWS\System32\WindowsPowerShell\v1.0\;C:\Program Files\Microsoft\Web Platform Installer\;C:\Program Files (x86)\Microsoft ASP.NET\ASP.NET Web Pages\v1.0\;C:\Program Files (x86)\Windows Kits\8.0\Windows Performance Toolkit\;C:\Program Files\Microsoft SQL Server\110\Tools\Binn\;C:\Program Files (x86)\Brackets\command;C:\WINDOWS\System32\OpenSSH\;C:\Users\Korzre\AppData\Local\Microsoft\WindowsApps;;C:\WINDOWS\system32;
USERNAME=Korzre
OS=Windows_NT
PROCESSOR_IDENTIFIER=Intel64 Family 6 Model 94 Stepping 3, GenuineIntel



---------------  S Y S T E M  ---------------

OS: Windows 10.0 , 64 bit Build 17763 (10.0.17763.1)

CPU:total 4 (initial active 4) (4 cores per cpu, 1 threads per core) family 6 model 94 stepping 3, cmov, cx8, fxsr, mmx, sse, sse2, sse3, ssse3, sse4.1, sse4.2, popcnt, avx, avx2, aes, clmul, erms, rtm, 3dnowpref, lzcnt, tsc, tscinvbit, bmi1, bmi2, adx

Memory: 4k page, physical 4072028k(348196k free), swap 8097080k(830244k free)

vm_info: Java HotSpot(TM) 64-Bit Server VM (25.171-b11) for windows-amd64 JRE (1.8.0_171-b11), built on Mar 28 2018 16:06:12 by "java_re" with MS VC++ 10.0 (VS2010)

time: Fri Nov 29 22:00:51 2019
elapsed time: 53 seconds (0d 0h 0m 53s)

